<?xml version="1.0" encoding="UTF-8"?>
<!-- Generated by org.testng.reporters.JUnitXMLReporter -->
<testsuite ignored="0" hostname="VibinWorkStation" failures="0" tests="2" name="Default test" time="81.549" errors="0" timestamp="2025-03-23T21:33:05 IST">
  <testcase classname="thevortexalpha.AppiumFrameworkDesign.O01_ECommerce_E2E_TC01" name="eCommerceE2EHybrid" time="33.175"/>
  <testcase classname="thevortexalpha.AppiumFrameworkDesign.O01_ECommerce_E2E_TC01" name="eCommerceE2EHybrid" time="36.134"/>
</testsuite> <!-- Default test -->
