<?xml version="1.0" encoding="UTF-8"?>
<!-- Generated by org.testng.reporters.JUnitXMLReporter -->
<testsuite ignored="0" hostname="VibinWorkStation" failures="0" tests="2" name="End to end test" time="59.846" errors="0" timestamp="2025-03-30T19:37:10 IST">
  <testcase classname="thevortexalpha.Appium.tests.O01_ECommerce_E2E_TC01" name="eCommerceE2EHybrid" time="26.677"/>
  <testcase classname="thevortexalpha.Appium.tests.O01_ECommerce_E2E_TC01" name="eCommerceE2EHybrid" time="24.684"/>
</testsuite> <!-- End to end test -->
