<?xml version="1.0" encoding="UTF-8"?>
<!-- Generated by org.testng.reporters.JUnitXMLReporter -->
<testsuite ignored="0" hostname="VibinWorkStation" failures="1" tests="2" name="Positive and negative test" time="34.161" errors="0" timestamp="2025-03-23T20:02:17 IST">
  <testcase classname="thevortexalpha.AppiumFrameworkDesign.O01_ECommerce_E2E_TC02" name="fillFormNegativeFlow" time="3.928">
    <failure type="org.openqa.selenium.StaleElementReferenceException" message="The element &amp;apos;By.id: com.androidsample.generalstore:id/btnLetsShop&amp;apos; does not exist in DOM anymore
For documentation on this error, please visit: https://www.selenium.dev/documentation/webdriver/troubleshooting/errors#stale-element-reference-exception
Build info: version: &amp;apos;4.30.0&amp;apos;, revision: &amp;apos;509c7f17cc*&amp;apos;
System info: os.name: &amp;apos;Windows 11&amp;apos;, os.arch: &amp;apos;amd64&amp;apos;, os.version: &amp;apos;10.0&amp;apos;, java.version: &amp;apos;21.0.3&amp;apos;
Driver info: io.appium.java_client.android.AndroidDriver
Command: [a3f3c8e8-dd81-4514-a93f-08858bc0a657, clickElement {id=00000000-0000-0070-ffff-ffff00000021}]
Capabilities {appium:app: C:\Users\Vsvat\Documents\Do..., appium:appActivity: com.androidsample.generalst..., appium:appPackage: com.androidsample.generalstore, appium:automationName: UIAutomator2, appium:chromedriverExecutable: C:\Users\Vsvat\Documents\Do..., appium:databaseEnabled: false, appium:desired: {app: C:\Users\Vsvat\Documents\Do..., automationName: UIAutomator2, chromedriverExecutable: C:\Users\Vsvat\Documents\Do..., deviceName: Vortex Pixel 3a, platformName: ANDROID}, appium:deviceApiLevel: 35, appium:deviceManufacturer: Google, appium:deviceModel: sdk_gphone64_x86_64, appium:deviceName: emulator-5554, appium:deviceScreenDensity: 440, appium:deviceScreenSize: 1080x2220, appium:deviceUDID: emulator-5554, appium:javascriptEnabled: true, appium:locationContextEnabled: false, appium:networkConnectionEnabled: true, appium:pixelRatio: 2.75, appium:platformVersion: 15, appium:statBarHeight: 66, appium:takesScreenshot: true, appium:viewportRect: {height: 2154, left: 0, top: 66, width: 1080}, appium:warnings: {}, appium:webStorageEnabled: false, platformName: ANDROID}
Element: [[AndroidDriver:  on ANDROID (a3f3c8e8-dd81-4514-a93f-08858bc0a657)] -&amp;gt; id: com.androidsample.generalstore:id/btnLetsShop]
Session ID: a3f3c8e8-dd81-4514-a93f-08858bc0a657">
      <![CDATA[org.openqa.selenium.StaleElementReferenceException: The element 'By.id: com.androidsample.generalstore:id/btnLetsShop' does not exist in DOM anymore
For documentation on this error, please visit: https://www.selenium.dev/documentation/webdriver/troubleshooting/errors#stale-element-reference-exception
Build info: version: '4.30.0', revision: '509c7f17cc*'
System info: os.name: 'Windows 11', os.arch: 'amd64', os.version: '10.0', java.version: '21.0.3'
Driver info: io.appium.java_client.android.AndroidDriver
Command: [a3f3c8e8-dd81-4514-a93f-08858bc0a657, clickElement {id=00000000-0000-0070-ffff-ffff00000021}]
Capabilities {appium:app: C:\Users\Vsvat\Documents\Do..., appium:appActivity: com.androidsample.generalst..., appium:appPackage: com.androidsample.generalstore, appium:automationName: UIAutomator2, appium:chromedriverExecutable: C:\Users\Vsvat\Documents\Do..., appium:databaseEnabled: false, appium:desired: {app: C:\Users\Vsvat\Documents\Do..., automationName: UIAutomator2, chromedriverExecutable: C:\Users\Vsvat\Documents\Do..., deviceName: Vortex Pixel 3a, platformName: ANDROID}, appium:deviceApiLevel: 35, appium:deviceManufacturer: Google, appium:deviceModel: sdk_gphone64_x86_64, appium:deviceName: emulator-5554, appium:deviceScreenDensity: 440, appium:deviceScreenSize: 1080x2220, appium:deviceUDID: emulator-5554, appium:javascriptEnabled: true, appium:locationContextEnabled: false, appium:networkConnectionEnabled: true, appium:pixelRatio: 2.75, appium:platformVersion: 15, appium:statBarHeight: 66, appium:takesScreenshot: true, appium:viewportRect: {height: 2154, left: 0, top: 66, width: 1080}, appium:warnings: {}, appium:webStorageEnabled: false, platformName: ANDROID}
Element: [[AndroidDriver:  on ANDROID (a3f3c8e8-dd81-4514-a93f-08858bc0a657)] -> id: com.androidsample.generalstore:id/btnLetsShop]
Session ID: a3f3c8e8-dd81-4514-a93f-08858bc0a657
at org.openqa.selenium.remote.ErrorCodec.decode(ErrorCodec.java:167)
at org.openqa.selenium.remote.codec.w3c.W3CHttpResponseCodec.decode(W3CHttpResponseCodec.java:138)
at org.openqa.selenium.remote.codec.w3c.W3CHttpResponseCodec.decode(W3CHttpResponseCodec.java:50)
at org.openqa.selenium.remote.HttpCommandExecutor.execute(HttpCommandExecutor.java:215)
at io.appium.java_client.remote.AppiumCommandExecutor.execute(AppiumCommandExecutor.java:237)
at org.openqa.selenium.remote.RemoteWebDriver.execute(RemoteWebDriver.java:545)
at org.openqa.selenium.remote.RemoteWebElement.execute(RemoteWebElement.java:223)
at org.openqa.selenium.remote.RemoteWebElement.click(RemoteWebElement.java:76)
at thevortexalpha.AppiumFrameworkDesign.O01_ECommerce_E2E_TC02.fillFormNegativeFlow(O01_ECommerce_E2E_TC02.java:23)
at java.base/java.util.ArrayList.forEach(ArrayList.java:1596)
... Removed 28 stack frames]]>
    </failure>
  </testcase> <!-- fillFormNegativeFlow -->
  <testcase classname="thevortexalpha.AppiumFrameworkDesign.O01_ECommerce_E2E_TC02" name="fillFormPositiveFlow" time="21.738"/>
</testsuite> <!-- Positive and negative test -->
