<?xml version="1.0" encoding="UTF-8"?>
<!-- Generated by org.testng.reporters.JUnitXMLReporter -->
<testsuite ignored="2" hostname="VibinWorkStation" failures="0" tests="0" time="0.001" errors="0" timestamp="2025-03-30T19:37:10 IST">
  <testcase classname="thevortexalpha.Appium.tests.O01_ECommerce_E2E_TC02" name="fillFormNegativeFlow" time="0.0">
    <ignored/>
  </testcase> <!-- fillFormNegativeFlow -->
  <testcase classname="thevortexalpha.Appium.tests.O01_ECommerce_E2E_TC02" name="fillFormPositiveFlow" time="0.0">
    <ignored/>
  </testcase> <!-- fillFormPositiveFlow -->
</testsuite>
