<?xml version="1.0" encoding="UTF-8"?>
<testng-results ignored="0" total="2" passed="2" failed="0" skipped="0">
  <reporter-output>
  </reporter-output>
  <suite started-at="2025-03-30T21:46:23 IST" name="Suite" finished-at="2025-03-30T21:47:48 IST" duration-ms="84700">
    <groups>
      <group name="Smoke">
        <method signature="O01_ECommerce_E2E_TC01.eCommerceE2EHybrid(java.util.HashMap)[pri:0, instance:thevortexalpha.Appium.tests.O01_ECommerce_E2E_TC01@5884a914]" name="eCommerceE2EHybrid" class="thevortexalpha.Appium.tests.O01_ECommerce_E2E_TC01"/>
      </group> <!-- Smoke -->
    </groups>
    <test started-at="2025-03-30T21:46:23 IST" name="End to end test" finished-at="2025-03-30T21:47:47 IST" duration-ms="84110">
      <class name="thevortexalpha.Appium.tests.O01_ECommerce_E2E_TC01">
        <test-method is-config="true" signature="configureAppium()[pri:0, instance:thevortexalpha.Appium.tests.O01_ECommerce_E2E_TC01@5884a914]" started-at="2025-03-30T21:46:23 IST" name="configureAppium" finished-at="2025-03-30T21:46:32 IST" duration-ms="9330" status="PASS">
          <reporter-output>
          </reporter-output>
        </test-method> <!-- configureAppium -->
        <test-method is-config="true" signature="preSetup()[pri:0, instance:thevortexalpha.Appium.tests.O01_ECommerce_E2E_TC01@5884a914]" started-at="2025-03-30T21:46:32 IST" name="preSetup" finished-at="2025-03-30T21:46:33 IST" duration-ms="145" status="PASS">
          <reporter-output>
          </reporter-output>
        </test-method> <!-- preSetup -->
        <test-method signature="eCommerceE2EHybrid(java.util.HashMap)[pri:0, instance:thevortexalpha.Appium.tests.O01_ECommerce_E2E_TC01@5884a914]" started-at="2025-03-30T21:46:33 IST" name="eCommerceE2EHybrid" data-provider="getData" finished-at="2025-03-30T21:47:08 IST" duration-ms="35597" status="PASS">
          <params>
            <param index="0">
              <value>
                <![CDATA[{gender=female, name=Sidney Sweeney, country=Australia}]]>
              </value>
            </param>
          </params>
          <reporter-output>
          </reporter-output>
        </test-method> <!-- eCommerceE2EHybrid -->
        <test-method is-config="true" signature="preSetup()[pri:0, instance:thevortexalpha.Appium.tests.O01_ECommerce_E2E_TC01@5884a914]" started-at="2025-03-30T21:47:08 IST" name="preSetup" finished-at="2025-03-30T21:47:08 IST" duration-ms="99" status="PASS">
          <reporter-output>
          </reporter-output>
        </test-method> <!-- preSetup -->
        <test-method signature="eCommerceE2EHybrid(java.util.HashMap)[pri:0, instance:thevortexalpha.Appium.tests.O01_ECommerce_E2E_TC01@5884a914]" started-at="2025-03-30T21:47:08 IST" name="eCommerceE2EHybrid" data-provider="getData" finished-at="2025-03-30T21:47:46 IST" duration-ms="37937" status="PASS">
          <params>
            <param index="0">
              <value>
                <![CDATA[{gender=female, name=Miaa Khhaliffaa, country=Australia}]]>
              </value>
            </param>
          </params>
          <reporter-output>
          </reporter-output>
        </test-method> <!-- eCommerceE2EHybrid -->
        <test-method is-config="true" signature="tearDown()[pri:0, instance:thevortexalpha.Appium.tests.O01_ECommerce_E2E_TC01@5884a914]" started-at="2025-03-30T21:47:46 IST" name="tearDown" finished-at="2025-03-30T21:47:47 IST" duration-ms="713" status="PASS">
          <reporter-output>
          </reporter-output>
        </test-method> <!-- tearDown -->
      </class> <!-- thevortexalpha.Appium.tests.O01_ECommerce_E2E_TC01 -->
    </test> <!-- End to end test -->
    <test started-at="2025-03-30T21:47:48 IST" name="Positive and negative test" finished-at="2025-03-30T21:47:48 IST" duration-ms="0">
    </test> <!-- Positive and negative test -->
  </suite> <!-- Suite -->
</testng-results>
