<?xml version="1.0" encoding="UTF-8"?>
<testng-results ignored="0" total="2" passed="2" failed="0" skipped="0">
  <reporter-output>
  </reporter-output>
  <suite started-at="2025-03-23T21:31:44 IST" name="Default suite" finished-at="2025-03-23T21:33:05 IST" duration-ms="81549">
    <groups>
    </groups>
    <test started-at="2025-03-23T21:31:44 IST" name="Default test" finished-at="2025-03-23T21:33:05 IST" duration-ms="81549">
      <class name="thevortexalpha.AppiumFrameworkDesign.O01_ECommerce_E2E_TC01">
        <test-method is-config="true" signature="configureAppium()[pri:0, instance:thevortexalpha.AppiumFrameworkDesign.O01_ECommerce_E2E_TC01@198b6731]" started-at="2025-03-23T21:31:44 IST" name="configureAppium" finished-at="2025-03-23T21:31:55 IST" duration-ms="10976" status="PASS">
          <reporter-output>
          </reporter-output>
        </test-method> <!-- configureAppium -->
        <test-method is-config="true" signature="preSetup()[pri:0, instance:thevortexalpha.AppiumFrameworkDesign.O01_ECommerce_E2E_TC01@198b6731]" started-at="2025-03-23T21:31:55 IST" name="preSetup" finished-at="2025-03-23T21:31:55 IST" duration-ms="107" status="PASS">
          <reporter-output>
          </reporter-output>
        </test-method> <!-- preSetup -->
        <test-method signature="eCommerceE2EHybrid(java.util.HashMap)[pri:0, instance:thevortexalpha.AppiumFrameworkDesign.O01_ECommerce_E2E_TC01@198b6731]" started-at="2025-03-23T21:31:55 IST" name="eCommerceE2EHybrid" data-provider="getData" finished-at="2025-03-23T21:32:28 IST" duration-ms="33175" status="PASS">
          <params>
            <param index="0">
              <value>
                <![CDATA[{gender=female, name=Sidney Sweeney, country=Australia}]]>
              </value>
            </param>
          </params>
          <reporter-output>
          </reporter-output>
        </test-method> <!-- eCommerceE2EHybrid -->
        <test-method is-config="true" signature="preSetup()[pri:0, instance:thevortexalpha.AppiumFrameworkDesign.O01_ECommerce_E2E_TC01@198b6731]" started-at="2025-03-23T21:32:28 IST" name="preSetup" finished-at="2025-03-23T21:32:29 IST" duration-ms="239" status="PASS">
          <reporter-output>
          </reporter-output>
        </test-method> <!-- preSetup -->
        <test-method signature="eCommerceE2EHybrid(java.util.HashMap)[pri:0, instance:thevortexalpha.AppiumFrameworkDesign.O01_ECommerce_E2E_TC01@198b6731]" started-at="2025-03-23T21:32:29 IST" name="eCommerceE2EHybrid" data-provider="getData" finished-at="2025-03-23T21:33:05 IST" duration-ms="36134" status="PASS">
          <params>
            <param index="0">
              <value>
                <![CDATA[{gender=female, name=Miaa Khhaliffaa, country=Australia}]]>
              </value>
            </param>
          </params>
          <reporter-output>
          </reporter-output>
        </test-method> <!-- eCommerceE2EHybrid -->
        <test-method is-config="true" signature="tearDown()[pri:0, instance:thevortexalpha.AppiumFrameworkDesign.O01_ECommerce_E2E_TC01@198b6731]" started-at="2025-03-23T21:33:05 IST" name="tearDown" finished-at="2025-03-23T21:33:05 IST" duration-ms="599" status="PASS">
          <reporter-output>
          </reporter-output>
        </test-method> <!-- tearDown -->
      </class> <!-- thevortexalpha.AppiumFrameworkDesign.O01_ECommerce_E2E_TC01 -->
    </test> <!-- Default test -->
  </suite> <!-- Default suite -->
</testng-results>
