<?xml version="1.0" encoding="UTF-8"?>
<testng-results ignored="0" total="2" passed="2" failed="0" skipped="0">
  <reporter-output>
  </reporter-output>
  <suite started-at="2025-03-30T19:36:09 IST" name="Suite" finished-at="2025-03-30T19:37:10 IST" duration-ms="60396">
    <groups>
      <group name="Smoke">
        <method signature="O01_ECommerce_E2E_TC01.eCommerceE2EHybrid(java.util.HashMap)[pri:0, instance:thevortexalpha.Appium.tests.O01_ECommerce_E2E_TC01@34129c78]" name="eCommerceE2EHybrid" class="thevortexalpha.Appium.tests.O01_ECommerce_E2E_TC01"/>
      </group> <!-- Smoke -->
    </groups>
    <test started-at="2025-03-30T19:36:09 IST" name="End to end test" finished-at="2025-03-30T19:37:09 IST" duration-ms="59846">
      <class name="thevortexalpha.Appium.tests.O01_ECommerce_E2E_TC01">
        <test-method is-config="true" signature="configureAppium()[pri:0, instance:thevortexalpha.Appium.tests.O01_ECommerce_E2E_TC01@34129c78]" started-at="2025-03-30T19:36:09 IST" name="configureAppium" finished-at="2025-03-30T19:36:17 IST" duration-ms="7436" status="PASS">
          <reporter-output>
          </reporter-output>
        </test-method> <!-- configureAppium -->
        <test-method is-config="true" signature="preSetup()[pri:0, instance:thevortexalpha.Appium.tests.O01_ECommerce_E2E_TC01@34129c78]" started-at="2025-03-30T19:36:17 IST" name="preSetup" finished-at="2025-03-30T19:36:17 IST" duration-ms="97" status="PASS">
          <reporter-output>
          </reporter-output>
        </test-method> <!-- preSetup -->
        <test-method signature="eCommerceE2EHybrid(java.util.HashMap)[pri:0, instance:thevortexalpha.Appium.tests.O01_ECommerce_E2E_TC01@34129c78]" started-at="2025-03-30T19:36:17 IST" name="eCommerceE2EHybrid" data-provider="getData" finished-at="2025-03-30T19:36:44 IST" duration-ms="26677" status="PASS">
          <params>
            <param index="0">
              <value>
                <![CDATA[{gender=female, name=Sidney Sweeney, country=Australia}]]>
              </value>
            </param>
          </params>
          <reporter-output>
          </reporter-output>
        </test-method> <!-- eCommerceE2EHybrid -->
        <test-method is-config="true" signature="preSetup()[pri:0, instance:thevortexalpha.Appium.tests.O01_ECommerce_E2E_TC01@34129c78]" started-at="2025-03-30T19:36:44 IST" name="preSetup" finished-at="2025-03-30T19:36:44 IST" duration-ms="120" status="PASS">
          <reporter-output>
          </reporter-output>
        </test-method> <!-- preSetup -->
        <test-method signature="eCommerceE2EHybrid(java.util.HashMap)[pri:0, instance:thevortexalpha.Appium.tests.O01_ECommerce_E2E_TC01@34129c78]" started-at="2025-03-30T19:36:44 IST" name="eCommerceE2EHybrid" data-provider="getData" finished-at="2025-03-30T19:37:09 IST" duration-ms="24684" status="PASS">
          <params>
            <param index="0">
              <value>
                <![CDATA[{gender=female, name=Miaa Khhaliffaa, country=Australia}]]>
              </value>
            </param>
          </params>
          <reporter-output>
          </reporter-output>
        </test-method> <!-- eCommerceE2EHybrid -->
        <test-method is-config="true" signature="tearDown()[pri:0, instance:thevortexalpha.Appium.tests.O01_ECommerce_E2E_TC01@34129c78]" started-at="2025-03-30T19:37:09 IST" name="tearDown" finished-at="2025-03-30T19:37:09 IST" duration-ms="537" status="PASS">
          <reporter-output>
          </reporter-output>
        </test-method> <!-- tearDown -->
      </class> <!-- thevortexalpha.Appium.tests.O01_ECommerce_E2E_TC01 -->
    </test> <!-- End to end test -->
    <test started-at="2025-03-30T19:37:10 IST" name="Positive and negative test" finished-at="2025-03-30T19:37:10 IST" duration-ms="1">
    </test> <!-- Positive and negative test -->
  </suite> <!-- Suite -->
</testng-results>
